[ 2340406ms] [ERROR] Failed to load resource: the server responded with a status of 500 (Internal Server Error) @ http://localhost:3000/api/notifications/unread-count:0
[ 2340406ms] [ERROR] 获取未读数量失败: AxiosError @ http://localhost:3000/src/components/NotificationBell.jsx?t=1771911434179:47
[ 2376430ms] [ERROR] Failed to load resource: the server responded with a status of 401 (Unauthorized) @ http://localhost:3000/api/auth/login:0
[ 2379234ms] [ERROR] Failed to load resource: the server responded with a status of 401 (Unauthorized) @ http://localhost:3000/api/auth/login:0
[ 2383130ms] [ERROR] Failed to load resource: the server responded with a status of 401 (Unauthorized) @ http://localhost:3000/api/auth/login:0
[ 2386502ms] [ERROR] Failed to load resource: the server responded with a status of 401 (Unauthorized) @ http://localhost:3000/api/auth/login:0
[ 2418856ms] [ERROR] Failed to load resource: the server responded with a status of 400 (Bad Request) @ http://localhost:3000/api/device/borrow-requests:0
[ 2482229ms] [ERROR] Warning: Encountered two children with the same key, `%s`. Keys should be unique so that components maintain their identity across updates. Non-unique keys may cause children to be duplicated and/or omitted — the behavior is unsupported and could change in a future version.%s 2 
    at div
    at div
    at div
    at div
    at div
    at div
    at HelpPage (http://localhost:3000/src/pages/HelpPage.jsx:461:45)
    at main
    at div
    at MainLayout (http://localhost:3000/src/App.jsx?t=1771911434179:229:23)
    at PrivateRoute (http://localhost:3000/src/components/auth/PrivateRoute.jsx:21:32)
    at RenderedRoute (http://localhost:3000/node_modules/.vite/deps/react-router-dom.js?v=9b792ed7:6313:26)
    at Routes (http://localhost:3000/node_modules/.vite/deps/react-router-dom.js?v=9b792ed7:7164:3)
    at Router (http://localhost:3000/node_modules/.vite/deps/react-router-dom.js?v=9b792ed7:7105:13)
    at BrowserRouter (http://localhost:3000/node_modules/.vite/deps/react-router-dom.js?v=9b792ed7:10320:3)
    at AuthProvider (http://localhost:3000/src/contexts/AuthContext.jsx:21:32)
    at App
    at ToastProvider (http://localhost:3000/src/contexts/ToastContext.jsx:21:33) @ http://localhost:3000/node_modules/.vite/deps/chunk-WALXKXZM.js?v=9b792ed7:520
[ 2482230ms] [ERROR] Warning: Encountered two children with the same key, `%s`. Keys should be unique so that components maintain their identity across updates. Non-unique keys may cause children to be duplicated and/or omitted — the behavior is unsupported and could change in a future version.%s 2 
    at div
    at div
    at div
    at div
    at div
    at div
    at HelpPage (http://localhost:3000/src/pages/HelpPage.jsx:461:45)
    at main
    at div
    at MainLayout (http://localhost:3000/src/App.jsx?t=1771911434179:229:23)
    at PrivateRoute (http://localhost:3000/src/components/auth/PrivateRoute.jsx:21:32)
    at RenderedRoute (http://localhost:3000/node_modules/.vite/deps/react-router-dom.js?v=9b792ed7:6313:26)
    at Routes (http://localhost:3000/node_modules/.vite/deps/react-router-dom.js?v=9b792ed7:7164:3)
    at Router (http://localhost:3000/node_modules/.vite/deps/react-router-dom.js?v=9b792ed7:7105:13)
    at BrowserRouter (http://localhost:3000/node_modules/.vite/deps/react-router-dom.js?v=9b792ed7:10320:3)
    at AuthProvider (http://localhost:3000/src/contexts/AuthContext.jsx:21:32)
    at App
    at ToastProvider (http://localhost:3000/src/contexts/ToastContext.jsx:21:33) @ http://localhost:3000/node_modules/.vite/deps/chunk-WALXKXZM.js?v=9b792ed7:520
[ 2482230ms] [ERROR] Warning: Encountered two children with the same key, `%s`. Keys should be unique so that components maintain their identity across updates. Non-unique keys may cause children to be duplicated and/or omitted — the behavior is unsupported and could change in a future version.%s 7 
    at div
    at div
    at div
    at div
    at div
    at div
    at HelpPage (http://localhost:3000/src/pages/HelpPage.jsx:461:45)
    at main
    at div
    at MainLayout (http://localhost:3000/src/App.jsx?t=1771911434179:229:23)
    at PrivateRoute (http://localhost:3000/src/components/auth/PrivateRoute.jsx:21:32)
    at RenderedRoute (http://localhost:3000/node_modules/.vite/deps/react-router-dom.js?v=9b792ed7:6313:26)
    at Routes (http://localhost:3000/node_modules/.vite/deps/react-router-dom.js?v=9b792ed7:7164:3)
    at Router (http://localhost:3000/node_modules/.vite/deps/react-router-dom.js?v=9b792ed7:7105:13)
    at BrowserRouter (http://localhost:3000/node_modules/.vite/deps/react-router-dom.js?v=9b792ed7:10320:3)
    at AuthProvider (http://localhost:3000/src/contexts/AuthContext.jsx:21:32)
    at App
    at ToastProvider (http://localhost:3000/src/contexts/ToastContext.jsx:21:33) @ http://localhost:3000/node_modules/.vite/deps/chunk-WALXKXZM.js?v=9b792ed7:520
[ 2482230ms] [ERROR] Warning: Encountered two children with the same key, `%s`. Keys should be unique so that components maintain their identity across updates. Non-unique keys may cause children to be duplicated and/or omitted — the behavior is unsupported and could change in a future version.%s 4 
    at div
    at div
    at div
    at div
    at div
    at div
    at HelpPage (http://localhost:3000/src/pages/HelpPage.jsx:461:45)
    at main
    at div
    at MainLayout (http://localhost:3000/src/App.jsx?t=1771911434179:229:23)
    at PrivateRoute (http://localhost:3000/src/components/auth/PrivateRoute.jsx:21:32)
    at RenderedRoute (http://localhost:3000/node_modules/.vite/deps/react-router-dom.js?v=9b792ed7:6313:26)
    at Routes (http://localhost:3000/node_modules/.vite/deps/react-router-dom.js?v=9b792ed7:7164:3)
    at Router (http://localhost:3000/node_modules/.vite/deps/react-router-dom.js?v=9b792ed7:7105:13)
    at BrowserRouter (http://localhost:3000/node_modules/.vite/deps/react-router-dom.js?v=9b792ed7:10320:3)
    at AuthProvider (http://localhost:3000/src/contexts/AuthContext.jsx:21:32)
    at App
    at ToastProvider (http://localhost:3000/src/contexts/ToastContext.jsx:21:33) @ http://localhost:3000/node_modules/.vite/deps/chunk-WALXKXZM.js?v=9b792ed7:520
[ 2482231ms] [ERROR] Warning: Encountered two children with the same key, `%s`. Keys should be unique so that components maintain their identity across updates. Non-unique keys may cause children to be duplicated and/or omitted — the behavior is unsupported and could change in a future version.%s 6 
    at div
    at div
    at div
    at div
    at div
    at div
    at HelpPage (http://localhost:3000/src/pages/HelpPage.jsx:461:45)
    at main
    at div
    at MainLayout (http://localhost:3000/src/App.jsx?t=1771911434179:229:23)
    at PrivateRoute (http://localhost:3000/src/components/auth/PrivateRoute.jsx:21:32)
    at RenderedRoute (http://localhost:3000/node_modules/.vite/deps/react-router-dom.js?v=9b792ed7:6313:26)
    at Routes (http://localhost:3000/node_modules/.vite/deps/react-router-dom.js?v=9b792ed7:7164:3)
    at Router (http://localhost:3000/node_modules/.vite/deps/react-router-dom.js?v=9b792ed7:7105:13)
    at BrowserRouter (http://localhost:3000/node_modules/.vite/deps/react-router-dom.js?v=9b792ed7:10320:3)
    at AuthProvider (http://localhost:3000/src/contexts/AuthContext.jsx:21:32)
    at App
    at ToastProvider (http://localhost:3000/src/contexts/ToastContext.jsx:21:33) @ http://localhost:3000/node_modules/.vite/deps/chunk-WALXKXZM.js?v=9b792ed7:520
[ 2482232ms] [ERROR] Warning: Encountered two children with the same key, `%s`. Keys should be unique so that components maintain their identity across updates. Non-unique keys may cause children to be duplicated and/or omitted — the behavior is unsupported and could change in a future version.%s 4 
    at div
    at div
    at div
    at div
    at div
    at div
    at HelpPage (http://localhost:3000/src/pages/HelpPage.jsx:461:45)
    at main
    at div
    at MainLayout (http://localhost:3000/src/App.jsx?t=1771911434179:229:23)
    at PrivateRoute (http://localhost:3000/src/components/auth/PrivateRoute.jsx:21:32)
    at RenderedRoute (http://localhost:3000/node_modules/.vite/deps/react-router-dom.js?v=9b792ed7:6313:26)
    at Routes (http://localhost:3000/node_modules/.vite/deps/react-router-dom.js?v=9b792ed7:7164:3)
    at Router (http://localhost:3000/node_modules/.vite/deps/react-router-dom.js?v=9b792ed7:7105:13)
    at BrowserRouter (http://localhost:3000/node_modules/.vite/deps/react-router-dom.js?v=9b792ed7:10320:3)
    at AuthProvider (http://localhost:3000/src/contexts/AuthContext.jsx:21:32)
    at App
    at ToastProvider (http://localhost:3000/src/contexts/ToastContext.jsx:21:33) @ http://localhost:3000/node_modules/.vite/deps/chunk-WALXKXZM.js?v=9b792ed7:520
[ 2482232ms] [ERROR] Warning: Encountered two children with the same key, `%s`. Keys should be unique so that components maintain their identity across updates. Non-unique keys may cause children to be duplicated and/or omitted — the behavior is unsupported and could change in a future version.%s 6 
    at div
    at div
    at div
    at div
    at div
    at div
    at HelpPage (http://localhost:3000/src/pages/HelpPage.jsx:461:45)
    at main
    at div
    at MainLayout (http://localhost:3000/src/App.jsx?t=1771911434179:229:23)
    at PrivateRoute (http://localhost:3000/src/components/auth/PrivateRoute.jsx:21:32)
    at RenderedRoute (http://localhost:3000/node_modules/.vite/deps/react-router-dom.js?v=9b792ed7:6313:26)
    at Routes (http://localhost:3000/node_modules/.vite/deps/react-router-dom.js?v=9b792ed7:7164:3)
    at Router (http://localhost:3000/node_modules/.vite/deps/react-router-dom.js?v=9b792ed7:7105:13)
    at BrowserRouter (http://localhost:3000/node_modules/.vite/deps/react-router-dom.js?v=9b792ed7:10320:3)
    at AuthProvider (http://localhost:3000/src/contexts/AuthContext.jsx:21:32)
    at App
    at ToastProvider (http://localhost:3000/src/contexts/ToastContext.jsx:21:33) @ http://localhost:3000/node_modules/.vite/deps/chunk-WALXKXZM.js?v=9b792ed7:520
[ 2482232ms] [ERROR] Warning: Encountered two children with the same key, `%s`. Keys should be unique so that components maintain their identity across updates. Non-unique keys may cause children to be duplicated and/or omitted — the behavior is unsupported and could change in a future version.%s 2 
    at div
    at div
    at div
    at div
    at div
    at div
    at HelpPage (http://localhost:3000/src/pages/HelpPage.jsx:461:45)
    at main
    at div
    at MainLayout (http://localhost:3000/src/App.jsx?t=1771911434179:229:23)
    at PrivateRoute (http://localhost:3000/src/components/auth/PrivateRoute.jsx:21:32)
    at RenderedRoute (http://localhost:3000/node_modules/.vite/deps/react-router-dom.js?v=9b792ed7:6313:26)
    at Routes (http://localhost:3000/node_modules/.vite/deps/react-router-dom.js?v=9b792ed7:7164:3)
    at Router (http://localhost:3000/node_modules/.vite/deps/react-router-dom.js?v=9b792ed7:7105:13)
    at BrowserRouter (http://localhost:3000/node_modules/.vite/deps/react-router-dom.js?v=9b792ed7:10320:3)
    at AuthProvider (http://localhost:3000/src/contexts/AuthContext.jsx:21:32)
    at App
    at ToastProvider (http://localhost:3000/src/contexts/ToastContext.jsx:21:33) @ http://localhost:3000/node_modules/.vite/deps/chunk-WALXKXZM.js?v=9b792ed7:520
[ 2482234ms] [ERROR] Warning: Encountered two children with the same key, `%s`. Keys should be unique so that components maintain their identity across updates. Non-unique keys may cause children to be duplicated and/or omitted — the behavior is unsupported and could change in a future version.%s 4 
    at div
    at div
    at div
    at div
    at div
    at div
    at HelpPage (http://localhost:3000/src/pages/HelpPage.jsx:461:45)
    at main
    at div
    at MainLayout (http://localhost:3000/src/App.jsx?t=1771911434179:229:23)
    at PrivateRoute (http://localhost:3000/src/components/auth/PrivateRoute.jsx:21:32)
    at RenderedRoute (http://localhost:3000/node_modules/.vite/deps/react-router-dom.js?v=9b792ed7:6313:26)
    at Routes (http://localhost:3000/node_modules/.vite/deps/react-router-dom.js?v=9b792ed7:7164:3)
    at Router (http://localhost:3000/node_modules/.vite/deps/react-router-dom.js?v=9b792ed7:7105:13)
    at BrowserRouter (http://localhost:3000/node_modules/.vite/deps/react-router-dom.js?v=9b792ed7:10320:3)
    at AuthProvider (http://localhost:3000/src/contexts/AuthContext.jsx:21:32)
    at App
    at ToastProvider (http://localhost:3000/src/contexts/ToastContext.jsx:21:33) @ http://localhost:3000/node_modules/.vite/deps/chunk-WALXKXZM.js?v=9b792ed7:520
[ 2482235ms] [ERROR] Warning: Encountered two children with the same key, `%s`. Keys should be unique so that components maintain their identity across updates. Non-unique keys may cause children to be duplicated and/or omitted — the behavior is unsupported and could change in a future version.%s 8 
    at div
    at div
    at div
    at div
    at div
    at div
    at HelpPage (http://localhost:3000/src/pages/HelpPage.jsx:461:45)
    at main
    at div
    at MainLayout (http://localhost:3000/src/App.jsx?t=1771911434179:229:23)
    at PrivateRoute (http://localhost:3000/src/components/auth/PrivateRoute.jsx:21:32)
    at RenderedRoute (http://localhost:3000/node_modules/.vite/deps/react-router-dom.js?v=9b792ed7:6313:26)
    at Routes (http://localhost:3000/node_modules/.vite/deps/react-router-dom.js?v=9b792ed7:7164:3)
    at Router (http://localhost:3000/node_modules/.vite/deps/react-router-dom.js?v=9b792ed7:7105:13)
    at BrowserRouter (http://localhost:3000/node_modules/.vite/deps/react-router-dom.js?v=9b792ed7:10320:3)
    at AuthProvider (http://localhost:3000/src/contexts/AuthContext.jsx:21:32)
    at App
    at ToastProvider (http://localhost:3000/src/contexts/ToastContext.jsx:21:33) @ http://localhost:3000/node_modules/.vite/deps/chunk-WALXKXZM.js?v=9b792ed7:520
[ 2911982ms] [ERROR] Failed to load resource: the server responded with a status of 500 (Internal Server Error) @ http://localhost:3000/src/App.jsx?t=1771915672964:0
[ 2911995ms] [ERROR] [hmr] Failed to reload /src/App.jsx. This could be due to syntax errors or importing non-existent modules. (see errors above) @ http://localhost:3000/@vite/client:297
[ 3219414ms] [ERROR] Warning: %s a style property during rerender (%s) when a conflicting property is set (%s) can lead to styling bugs. To avoid this, don't mix shorthand and non-shorthand properties for the same value; instead, replace the shorthand with separate values.%s Removing borderColor border 
    at button
    at div
    at div
    at MyDevicesTab (http://localhost:3000/src/components/workspace/MyDevicesTab.jsx?t=1771911434179:24:17)
    at div
    at div
    at WorkspacePage (http://localhost:3000/src/pages/WorkspacePage.jsx?t=1771911434179:27:26)
    at main
    at div
    at MainLayout (http://localhost:3000/src/App.jsx?t=1771915681158:230:23)
    at PrivateRoute (http://localhost:3000/src/components/auth/PrivateRoute.jsx:21:32)
    at RenderedRoute (http://localhost:3000/node_modules/.vite/deps/react-router-dom.js?v=9b792ed7:6313:26)
    at Routes (http://localhost:3000/node_modules/.vite/deps/react-router-dom.js?v=9b792ed7:7164:3)
    at Router (http://localhost:3000/node_modules/.vite/deps/react-router-dom.js?v=9b792ed7:7105:13)
    at BrowserRouter (http://localhost:3000/node_modules/.vite/deps/react-router-dom.js?v=9b792ed7:10320:3)
    at NotificationProvider (http://localhost:3000/src/contexts/NotificationContext.jsx:21:40)
    at AuthProvider (http://localhost:3000/src/contexts/AuthContext.jsx:21:32)
    at App
    at ToastProvider (http://localhost:3000/src/contexts/ToastContext.jsx:21:33) @ http://localhost:3000/node_modules/.vite/deps/chunk-WALXKXZM.js?v=9b792ed7:520
[ 3555375ms] [ERROR] Failed to load resource: the server responded with a status of 404 (Not Found) @ http://localhost:3000/favicon.ico:0
[ 3559527ms] [ERROR] Failed to load resource: the server responded with a status of 404 (Not Found) @ http://localhost:3000/favicon.ico:0
[ 4708587ms] [ERROR] Failed to load resource: the server responded with a status of 500 (Internal Server Error) @ http://localhost:3000/api/notifications/unread-count:0
[ 4708588ms] [ERROR] 获取未读数量失败: AxiosError @ http://localhost:3000/src/contexts/NotificationContext.jsx:28
[ 4768895ms] [ERROR] Failed to load resource: the server responded with a status of 500 (Internal Server Error) @ http://localhost:3000/api/notifications/unread-count:0
[ 4768896ms] [ERROR] 获取未读数量失败: AxiosError @ http://localhost:3000/src/contexts/NotificationContext.jsx:28
[ 5103945ms] [ERROR] Warning: Encountered two children with the same key, `%s`. Keys should be unique so that components maintain their identity across updates. Non-unique keys may cause children to be duplicated and/or omitted — the behavior is unsupported and could change in a future version.%s 2 
    at div
    at div
    at div
    at div
    at div
    at div
    at HelpPage (http://localhost:3000/src/pages/HelpPage.jsx:461:45)
    at main
    at div
    at MainLayout (http://localhost:3000/src/App.jsx?t=1771915681158:230:23)
    at PrivateRoute (http://localhost:3000/src/components/auth/PrivateRoute.jsx:21:32)
    at RenderedRoute (http://localhost:3000/node_modules/.vite/deps/react-router-dom.js?v=9b792ed7:6313:26)
    at Routes (http://localhost:3000/node_modules/.vite/deps/react-router-dom.js?v=9b792ed7:7164:3)
    at Router (http://localhost:3000/node_modules/.vite/deps/react-router-dom.js?v=9b792ed7:7105:13)
    at BrowserRouter (http://localhost:3000/node_modules/.vite/deps/react-router-dom.js?v=9b792ed7:10320:3)
    at NotificationProvider (http://localhost:3000/src/contexts/NotificationContext.jsx:21:40)
    at AuthProvider (http://localhost:3000/src/contexts/AuthContext.jsx:21:32)
    at App
    at ToastProvider (http://localhost:3000/src/contexts/ToastContext.jsx:21:33) @ http://localhost:3000/node_modules/.vite/deps/chunk-WALXKXZM.js?v=9b792ed7:520
[ 5103945ms] [ERROR] Warning: Encountered two children with the same key, `%s`. Keys should be unique so that components maintain their identity across updates. Non-unique keys may cause children to be duplicated and/or omitted — the behavior is unsupported and could change in a future version.%s 2 
    at div
    at div
    at div
    at div
    at div
    at div
    at HelpPage (http://localhost:3000/src/pages/HelpPage.jsx:461:45)
    at main
    at div
    at MainLayout (http://localhost:3000/src/App.jsx?t=1771915681158:230:23)
    at PrivateRoute (http://localhost:3000/src/components/auth/PrivateRoute.jsx:21:32)
    at RenderedRoute (http://localhost:3000/node_modules/.vite/deps/react-router-dom.js?v=9b792ed7:6313:26)
    at Routes (http://localhost:3000/node_modules/.vite/deps/react-router-dom.js?v=9b792ed7:7164:3)
    at Router (http://localhost:3000/node_modules/.vite/deps/react-router-dom.js?v=9b792ed7:7105:13)
    at BrowserRouter (http://localhost:3000/node_modules/.vite/deps/react-router-dom.js?v=9b792ed7:10320:3)
    at NotificationProvider (http://localhost:3000/src/contexts/NotificationContext.jsx:21:40)
    at AuthProvider (http://localhost:3000/src/contexts/AuthContext.jsx:21:32)
    at App
    at ToastProvider (http://localhost:3000/src/contexts/ToastContext.jsx:21:33) @ http://localhost:3000/node_modules/.vite/deps/chunk-WALXKXZM.js?v=9b792ed7:520
[ 5103945ms] [ERROR] Warning: Encountered two children with the same key, `%s`. Keys should be unique so that components maintain their identity across updates. Non-unique keys may cause children to be duplicated and/or omitted — the behavior is unsupported and could change in a future version.%s 7 
    at div
    at div
    at div
    at div
    at div
    at div
    at HelpPage (http://localhost:3000/src/pages/HelpPage.jsx:461:45)
    at main
    at div
    at MainLayout (http://localhost:3000/src/App.jsx?t=1771915681158:230:23)
    at PrivateRoute (http://localhost:3000/src/components/auth/PrivateRoute.jsx:21:32)
    at RenderedRoute (http://localhost:3000/node_modules/.vite/deps/react-router-dom.js?v=9b792ed7:6313:26)
    at Routes (http://localhost:3000/node_modules/.vite/deps/react-router-dom.js?v=9b792ed7:7164:3)
    at Router (http://localhost:3000/node_modules/.vite/deps/react-router-dom.js?v=9b792ed7:7105:13)
    at BrowserRouter (http://localhost:3000/node_modules/.vite/deps/react-router-dom.js?v=9b792ed7:10320:3)
    at NotificationProvider (http://localhost:3000/src/contexts/NotificationContext.jsx:21:40)
    at AuthProvider (http://localhost:3000/src/contexts/AuthContext.jsx:21:32)
    at App
    at ToastProvider (http://localhost:3000/src/contexts/ToastContext.jsx:21:33) @ http://localhost:3000/node_modules/.vite/deps/chunk-WALXKXZM.js?v=9b792ed7:520
[ 5103947ms] [ERROR] Warning: Encountered two children with the same key, `%s`. Keys should be unique so that components maintain their identity across updates. Non-unique keys may cause children to be duplicated and/or omitted — the behavior is unsupported and could change in a future version.%s 4 
    at div
    at div
    at div
    at div
    at div
    at div
    at HelpPage (http://localhost:3000/src/pages/HelpPage.jsx:461:45)
    at main
    at div
    at MainLayout (http://localhost:3000/src/App.jsx?t=1771915681158:230:23)
    at PrivateRoute (http://localhost:3000/src/components/auth/PrivateRoute.jsx:21:32)
    at RenderedRoute (http://localhost:3000/node_modules/.vite/deps/react-router-dom.js?v=9b792ed7:6313:26)
    at Routes (http://localhost:3000/node_modules/.vite/deps/react-router-dom.js?v=9b792ed7:7164:3)
    at Router (http://localhost:3000/node_modules/.vite/deps/react-router-dom.js?v=9b792ed7:7105:13)
    at BrowserRouter (http://localhost:3000/node_modules/.vite/deps/react-router-dom.js?v=9b792ed7:10320:3)
    at NotificationProvider (http://localhost:3000/src/contexts/NotificationContext.jsx:21:40)
    at AuthProvider (http://localhost:3000/src/contexts/AuthContext.jsx:21:32)
    at App
    at ToastProvider (http://localhost:3000/src/contexts/ToastContext.jsx:21:33) @ http://localhost:3000/node_modules/.vite/deps/chunk-WALXKXZM.js?v=9b792ed7:520
[ 5103947ms] [ERROR] Warning: Encountered two children with the same key, `%s`. Keys should be unique so that components maintain their identity across updates. Non-unique keys may cause children to be duplicated and/or omitted — the behavior is unsupported and could change in a future version.%s 6 
    at div
    at div
    at div
    at div
    at div
    at div
    at HelpPage (http://localhost:3000/src/pages/HelpPage.jsx:461:45)
    at main
    at div
    at MainLayout (http://localhost:3000/src/App.jsx?t=1771915681158:230:23)
    at PrivateRoute (http://localhost:3000/src/components/auth/PrivateRoute.jsx:21:32)
    at RenderedRoute (http://localhost:3000/node_modules/.vite/deps/react-router-dom.js?v=9b792ed7:6313:26)
    at Routes (http://localhost:3000/node_modules/.vite/deps/react-router-dom.js?v=9b792ed7:7164:3)
    at Router (http://localhost:3000/node_modules/.vite/deps/react-router-dom.js?v=9b792ed7:7105:13)
    at BrowserRouter (http://localhost:3000/node_modules/.vite/deps/react-router-dom.js?v=9b792ed7:10320:3)
    at NotificationProvider (http://localhost:3000/src/contexts/NotificationContext.jsx:21:40)
    at AuthProvider (http://localhost:3000/src/contexts/AuthContext.jsx:21:32)
    at App
    at ToastProvider (http://localhost:3000/src/contexts/ToastContext.jsx:21:33) @ http://localhost:3000/node_modules/.vite/deps/chunk-WALXKXZM.js?v=9b792ed7:520
[ 5103948ms] [ERROR] Warning: Encountered two children with the same key, `%s`. Keys should be unique so that components maintain their identity across updates. Non-unique keys may cause children to be duplicated and/or omitted — the behavior is unsupported and could change in a future version.%s 4 
    at div
    at div
    at div
    at div
    at div
    at div
    at HelpPage (http://localhost:3000/src/pages/HelpPage.jsx:461:45)
    at main
    at div
    at MainLayout (http://localhost:3000/src/App.jsx?t=1771915681158:230:23)
    at PrivateRoute (http://localhost:3000/src/components/auth/PrivateRoute.jsx:21:32)
    at RenderedRoute (http://localhost:3000/node_modules/.vite/deps/react-router-dom.js?v=9b792ed7:6313:26)
    at Routes (http://localhost:3000/node_modules/.vite/deps/react-router-dom.js?v=9b792ed7:7164:3)
    at Router (http://localhost:3000/node_modules/.vite/deps/react-router-dom.js?v=9b792ed7:7105:13)
    at BrowserRouter (http://localhost:3000/node_modules/.vite/deps/react-router-dom.js?v=9b792ed7:10320:3)
    at NotificationProvider (http://localhost:3000/src/contexts/NotificationContext.jsx:21:40)
    at AuthProvider (http://localhost:3000/src/contexts/AuthContext.jsx:21:32)
    at App
    at ToastProvider (http://localhost:3000/src/contexts/ToastContext.jsx:21:33) @ http://localhost:3000/node_modules/.vite/deps/chunk-WALXKXZM.js?v=9b792ed7:520
[ 5103948ms] [ERROR] Warning: Encountered two children with the same key, `%s`. Keys should be unique so that components maintain their identity across updates. Non-unique keys may cause children to be duplicated and/or omitted — the behavior is unsupported and could change in a future version.%s 6 
    at div
    at div
    at div
    at div
    at div
    at div
    at HelpPage (http://localhost:3000/src/pages/HelpPage.jsx:461:45)
    at main
    at div
    at MainLayout (http://localhost:3000/src/App.jsx?t=1771915681158:230:23)
    at PrivateRoute (http://localhost:3000/src/components/auth/PrivateRoute.jsx:21:32)
    at RenderedRoute (http://localhost:3000/node_modules/.vite/deps/react-router-dom.js?v=9b792ed7:6313:26)
    at Routes (http://localhost:3000/node_modules/.vite/deps/react-router-dom.js?v=9b792ed7:7164:3)
    at Router (http://localhost:3000/node_modules/.vite/deps/react-router-dom.js?v=9b792ed7:7105:13)
    at BrowserRouter (http://localhost:3000/node_modules/.vite/deps/react-router-dom.js?v=9b792ed7:10320:3)
    at NotificationProvider (http://localhost:3000/src/contexts/NotificationContext.jsx:21:40)
    at AuthProvider (http://localhost:3000/src/contexts/AuthContext.jsx:21:32)
    at App
    at ToastProvider (http://localhost:3000/src/contexts/ToastContext.jsx:21:33) @ http://localhost:3000/node_modules/.vite/deps/chunk-WALXKXZM.js?v=9b792ed7:520
[ 5103948ms] [ERROR] Warning: Encountered two children with the same key, `%s`. Keys should be unique so that components maintain their identity across updates. Non-unique keys may cause children to be duplicated and/or omitted — the behavior is unsupported and could change in a future version.%s 2 
    at div
    at div
    at div
    at div
    at div
    at div
    at HelpPage (http://localhost:3000/src/pages/HelpPage.jsx:461:45)
    at main
    at div
    at MainLayout (http://localhost:3000/src/App.jsx?t=1771915681158:230:23)
    at PrivateRoute (http://localhost:3000/src/components/auth/PrivateRoute.jsx:21:32)
    at RenderedRoute (http://localhost:3000/node_modules/.vite/deps/react-router-dom.js?v=9b792ed7:6313:26)
    at Routes (http://localhost:3000/node_modules/.vite/deps/react-router-dom.js?v=9b792ed7:7164:3)
    at Router (http://localhost:3000/node_modules/.vite/deps/react-router-dom.js?v=9b792ed7:7105:13)
    at BrowserRouter (http://localhost:3000/node_modules/.vite/deps/react-router-dom.js?v=9b792ed7:10320:3)
    at NotificationProvider (http://localhost:3000/src/contexts/NotificationContext.jsx:21:40)
    at AuthProvider (http://localhost:3000/src/contexts/AuthContext.jsx:21:32)
    at App
    at ToastProvider (http://localhost:3000/src/contexts/ToastContext.jsx:21:33) @ http://localhost:3000/node_modules/.vite/deps/chunk-WALXKXZM.js?v=9b792ed7:520
[ 5103950ms] [ERROR] Warning: Encountered two children with the same key, `%s`. Keys should be unique so that components maintain their identity across updates. Non-unique keys may cause children to be duplicated and/or omitted — the behavior is unsupported and could change in a future version.%s 4 
    at div
    at div
    at div
    at div
    at div
    at div
    at HelpPage (http://localhost:3000/src/pages/HelpPage.jsx:461:45)
    at main
    at div
    at MainLayout (http://localhost:3000/src/App.jsx?t=1771915681158:230:23)
    at PrivateRoute (http://localhost:3000/src/components/auth/PrivateRoute.jsx:21:32)
    at RenderedRoute (http://localhost:3000/node_modules/.vite/deps/react-router-dom.js?v=9b792ed7:6313:26)
    at Routes (http://localhost:3000/node_modules/.vite/deps/react-router-dom.js?v=9b792ed7:7164:3)
    at Router (http://localhost:3000/node_modules/.vite/deps/react-router-dom.js?v=9b792ed7:7105:13)
    at BrowserRouter (http://localhost:3000/node_modules/.vite/deps/react-router-dom.js?v=9b792ed7:10320:3)
    at NotificationProvider (http://localhost:3000/src/contexts/NotificationContext.jsx:21:40)
    at AuthProvider (http://localhost:3000/src/contexts/AuthContext.jsx:21:32)
    at App
    at ToastProvider (http://localhost:3000/src/contexts/ToastContext.jsx:21:33) @ http://localhost:3000/node_modules/.vite/deps/chunk-WALXKXZM.js?v=9b792ed7:520
[ 5103950ms] [ERROR] Warning: Encountered two children with the same key, `%s`. Keys should be unique so that components maintain their identity across updates. Non-unique keys may cause children to be duplicated and/or omitted — the behavior is unsupported and could change in a future version.%s 8 
    at div
    at div
    at div
    at div
    at div
    at div
    at HelpPage (http://localhost:3000/src/pages/HelpPage.jsx:461:45)
    at main
    at div
    at MainLayout (http://localhost:3000/src/App.jsx?t=1771915681158:230:23)
    at PrivateRoute (http://localhost:3000/src/components/auth/PrivateRoute.jsx:21:32)
    at RenderedRoute (http://localhost:3000/node_modules/.vite/deps/react-router-dom.js?v=9b792ed7:6313:26)
    at Routes (http://localhost:3000/node_modules/.vite/deps/react-router-dom.js?v=9b792ed7:7164:3)
    at Router (http://localhost:3000/node_modules/.vite/deps/react-router-dom.js?v=9b792ed7:7105:13)
    at BrowserRouter (http://localhost:3000/node_modules/.vite/deps/react-router-dom.js?v=9b792ed7:10320:3)
    at NotificationProvider (http://localhost:3000/src/contexts/NotificationContext.jsx:21:40)
    at AuthProvider (http://localhost:3000/src/contexts/AuthContext.jsx:21:32)
    at App
    at ToastProvider (http://localhost:3000/src/contexts/ToastContext.jsx:21:33) @ http://localhost:3000/node_modules/.vite/deps/chunk-WALXKXZM.js?v=9b792ed7:520
[ 5253466ms] [ERROR] Failed to load resource: the server responded with a status of 400 (Bad Request) @ http://localhost:3000/api/device/claim:0
[ 5253467ms] [ERROR] 认领设备失败: AxiosError @ http://localhost:3000/src/pages/ScanPage.jsx?t=1771911434179:317
[ 5257102ms] [ERROR] Failed to load resource: the server responded with a status of 400 (Bad Request) @ http://localhost:3000/api/device/claim:0
[ 5257103ms] [ERROR] 认领设备失败: AxiosError @ http://localhost:3000/src/pages/ScanPage.jsx?t=1771911434179:317
[ 5258437ms] [ERROR] Failed to load resource: the server responded with a status of 400 (Bad Request) @ http://localhost:3000/api/device/claim:0
[ 5258437ms] [ERROR] 认领设备失败: AxiosError @ http://localhost:3000/src/pages/ScanPage.jsx?t=1771911434179:317
[ 5310615ms] [ERROR] Warning: %s a style property during rerender (%s) when a conflicting property is set (%s) can lead to styling bugs. To avoid this, don't mix shorthand and non-shorthand properties for the same value; instead, replace the shorthand with separate values.%s Removing borderColor border 
    at button
    at div
    at div
    at MyRequestsTab (http://localhost:3000/src/components/workspace/MyRequestsTab.jsx?t=1771911434179:22:33)
    at div
    at div
    at WorkspacePage (http://localhost:3000/src/pages/WorkspacePage.jsx?t=1771911434179:27:26)
    at main
    at div
    at MainLayout (http://localhost:3000/src/App.jsx?t=1771915681158:230:23)
    at PrivateRoute (http://localhost:3000/src/components/auth/PrivateRoute.jsx:21:32)
    at RenderedRoute (http://localhost:3000/node_modules/.vite/deps/react-router-dom.js?v=9b792ed7:6313:26)
    at Routes (http://localhost:3000/node_modules/.vite/deps/react-router-dom.js?v=9b792ed7:7164:3)
    at Router (http://localhost:3000/node_modules/.vite/deps/react-router-dom.js?v=9b792ed7:7105:13)
    at BrowserRouter (http://localhost:3000/node_modules/.vite/deps/react-router-dom.js?v=9b792ed7:10320:3)
    at NotificationProvider (http://localhost:3000/src/contexts/NotificationContext.jsx:21:40)
    at AuthProvider (http://localhost:3000/src/contexts/AuthContext.jsx:21:32)
    at App
    at ToastProvider (http://localhost:3000/src/contexts/ToastContext.jsx:21:33) @ http://localhost:3000/node_modules/.vite/deps/chunk-WALXKXZM.js?v=9b792ed7:520
[ 5316021ms] [ERROR] Warning: %s a style property during rerender (%s) when a conflicting property is set (%s) can lead to styling bugs. To avoid this, don't mix shorthand and non-shorthand properties for the same value; instead, replace the shorthand with separate values.%s Removing borderColor border 
    at button
    at div
    at div
    at MyDevicesTab (http://localhost:3000/src/components/workspace/MyDevicesTab.jsx?t=1771911434179:24:17)
    at div
    at div
    at WorkspacePage (http://localhost:3000/src/pages/WorkspacePage.jsx?t=1771911434179:27:26)
    at main
    at div
    at MainLayout (http://localhost:3000/src/App.jsx?t=1771915681158:230:23)
    at PrivateRoute (http://localhost:3000/src/components/auth/PrivateRoute.jsx:21:32)
    at RenderedRoute (http://localhost:3000/node_modules/.vite/deps/react-router-dom.js?v=9b792ed7:6313:26)
    at Routes (http://localhost:3000/node_modules/.vite/deps/react-router-dom.js?v=9b792ed7:7164:3)
    at Router (http://localhost:3000/node_modules/.vite/deps/react-router-dom.js?v=9b792ed7:7105:13)
    at BrowserRouter (http://localhost:3000/node_modules/.vite/deps/react-router-dom.js?v=9b792ed7:10320:3)
    at NotificationProvider (http://localhost:3000/src/contexts/NotificationContext.jsx:21:40)
    at AuthProvider (http://localhost:3000/src/contexts/AuthContext.jsx:21:32)
    at App
    at ToastProvider (http://localhost:3000/src/contexts/ToastContext.jsx:21:33) @ http://localhost:3000/node_modules/.vite/deps/chunk-WALXKXZM.js?v=9b792ed7:520
[ 5318226ms] [ERROR] Warning: %s a style property during rerender (%s) when a conflicting property is set (%s) can lead to styling bugs. To avoid this, don't mix shorthand and non-shorthand properties for the same value; instead, replace the shorthand with separate values.%s Removing borderColor border 
    at button
    at div
    at div
    at MyDevicesTab (http://localhost:3000/src/components/workspace/MyDevicesTab.jsx?t=1771911434179:24:17)
    at div
    at div
    at WorkspacePage (http://localhost:3000/src/pages/WorkspacePage.jsx?t=1771911434179:27:26)
    at main
    at div
    at MainLayout (http://localhost:3000/src/App.jsx?t=1771915681158:230:23)
    at PrivateRoute (http://localhost:3000/src/components/auth/PrivateRoute.jsx:21:32)
    at RenderedRoute (http://localhost:3000/node_modules/.vite/deps/react-router-dom.js?v=9b792ed7:6313:26)
    at Routes (http://localhost:3000/node_modules/.vite/deps/react-router-dom.js?v=9b792ed7:7164:3)
    at Router (http://localhost:3000/node_modules/.vite/deps/react-router-dom.js?v=9b792ed7:7105:13)
    at BrowserRouter (http://localhost:3000/node_modules/.vite/deps/react-router-dom.js?v=9b792ed7:10320:3)
    at NotificationProvider (http://localhost:3000/src/contexts/NotificationContext.jsx:21:40)
    at AuthProvider (http://localhost:3000/src/contexts/AuthContext.jsx:21:32)
    at App
    at ToastProvider (http://localhost:3000/src/contexts/ToastContext.jsx:21:33) @ http://localhost:3000/node_modules/.vite/deps/chunk-WALXKXZM.js?v=9b792ed7:520
[ 5344559ms] [ERROR] Warning: %s a style property during rerender (%s) when a conflicting property is set (%s) can lead to styling bugs. To avoid this, don't mix shorthand and non-shorthand properties for the same value; instead, replace the shorthand with separate values.%s Removing borderColor border 
    at button
    at div
    at div
    at MyDevicesTab (http://localhost:3000/src/components/workspace/MyDevicesTab.jsx?t=1771911434179:24:17)
    at div
    at div
    at WorkspacePage (http://localhost:3000/src/pages/WorkspacePage.jsx?t=1771911434179:27:26)
    at main
    at div
    at MainLayout (http://localhost:3000/src/App.jsx?t=1771915681158:230:23)
    at PrivateRoute (http://localhost:3000/src/components/auth/PrivateRoute.jsx:21:32)
    at RenderedRoute (http://localhost:3000/node_modules/.vite/deps/react-router-dom.js?v=9b792ed7:6313:26)
    at Routes (http://localhost:3000/node_modules/.vite/deps/react-router-dom.js?v=9b792ed7:7164:3)
    at Router (http://localhost:3000/node_modules/.vite/deps/react-router-dom.js?v=9b792ed7:7105:13)
    at BrowserRouter (http://localhost:3000/node_modules/.vite/deps/react-router-dom.js?v=9b792ed7:10320:3)
    at NotificationProvider (http://localhost:3000/src/contexts/NotificationContext.jsx:21:40)
    at AuthProvider (http://localhost:3000/src/contexts/AuthContext.jsx:21:32)
    at App
    at ToastProvider (http://localhost:3000/src/contexts/ToastContext.jsx:21:33) @ http://localhost:3000/node_modules/.vite/deps/chunk-WALXKXZM.js?v=9b792ed7:520
[ 5345475ms] [ERROR] Warning: %s a style property during rerender (%s) when a conflicting property is set (%s) can lead to styling bugs. To avoid this, don't mix shorthand and non-shorthand properties for the same value; instead, replace the shorthand with separate values.%s Removing borderColor border 
    at button
    at div
    at div
    at MyDevicesTab (http://localhost:3000/src/components/workspace/MyDevicesTab.jsx?t=1771911434179:24:17)
    at div
    at div
    at WorkspacePage (http://localhost:3000/src/pages/WorkspacePage.jsx?t=1771911434179:27:26)
    at main
    at div
    at MainLayout (http://localhost:3000/src/App.jsx?t=1771915681158:230:23)
    at PrivateRoute (http://localhost:3000/src/components/auth/PrivateRoute.jsx:21:32)
    at RenderedRoute (http://localhost:3000/node_modules/.vite/deps/react-router-dom.js?v=9b792ed7:6313:26)
    at Routes (http://localhost:3000/node_modules/.vite/deps/react-router-dom.js?v=9b792ed7:7164:3)
    at Router (http://localhost:3000/node_modules/.vite/deps/react-router-dom.js?v=9b792ed7:7105:13)
    at BrowserRouter (http://localhost:3000/node_modules/.vite/deps/react-router-dom.js?v=9b792ed7:10320:3)
    at NotificationProvider (http://localhost:3000/src/contexts/NotificationContext.jsx:21:40)
    at AuthProvider (http://localhost:3000/src/contexts/AuthContext.jsx:21:32)
    at App
    at ToastProvider (http://localhost:3000/src/contexts/ToastContext.jsx:21:33) @ http://localhost:3000/node_modules/.vite/deps/chunk-WALXKXZM.js?v=9b792ed7:520
[11898521ms] [ERROR] Failed to load resource: net::ERR_CONNECTION_REFUSED @ http://localhost:3000/:0
[11901864ms] [ERROR] Failed to load resource: net::ERR_CONNECTION_REFUSED @ http://localhost:3000/:0
[11905185ms] [ERROR] Failed to load resource: net::ERR_CONNECTION_REFUSED @ http://localhost:3000/:0
[11908525ms] [ERROR] Failed to load resource: net::ERR_CONNECTION_REFUSED @ http://localhost:3000/:0
[11911859ms] [ERROR] Failed to load resource: net::ERR_CONNECTION_REFUSED @ http://localhost:3000/:0
[11915188ms] [ERROR] Failed to load resource: net::ERR_CONNECTION_REFUSED @ http://localhost:3000/:0
[11919684ms] [ERROR] Failed to load resource: the server responded with a status of 500 (Internal Server Error) @ http://localhost:3000/api/notifications/unread-count:0
[11919685ms] [ERROR] 获取未读数量失败: AxiosError @ http://localhost:3000/src/contexts/NotificationContext.jsx:28
[11919692ms] [ERROR] Failed to load resource: the server responded with a status of 500 (Internal Server Error) @ http://localhost:3000/api/scan/ips:0
[11919692ms] [ERROR] 获取本地IP失败: AxiosError @ http://localhost:3000/src/pages/ScanPage.jsx:62
[11919692ms] [ERROR] Failed to load resource: the server responded with a status of 500 (Internal Server Error) @ http://localhost:3000/api/devices?page=1&page_size=50:0
[11919693ms] [ERROR] 加载设备列表失败: AxiosError @ http://localhost:3000/src/pages/ScanPage.jsx:78
