[    2985ms] [ERROR] Warning: %s a style property during rerender (%s) when a conflicting property is set (%s) can lead to styling bugs. To avoid this, don't mix shorthand and non-shorthand properties for the same value; instead, replace the shorthand with separate values.%s Removing borderBottomColor borderBottom 
    at button
    at div
    at div
    at div
    at LinuxConfigPage (http://localhost:3000/src/pages/LinuxConfigPage.jsx?t=1771912684032:30:26)
    at main
    at div
    at MainLayout (http://localhost:3000/src/App.jsx?t=1771911434179:229:23)
    at PrivateRoute (http://localhost:3000/src/components/auth/PrivateRoute.jsx:21:32)
    at RenderedRoute (http://localhost:3000/node_modules/.vite/deps/react-router-dom.js?v=9b792ed7:6313:26)
    at Routes (http://localhost:3000/node_modules/.vite/deps/react-router-dom.js?v=9b792ed7:7164:3)
    at Router (http://localhost:3000/node_modules/.vite/deps/react-router-dom.js?v=9b792ed7:7105:13)
    at BrowserRouter (http://localhost:3000/node_modules/.vite/deps/react-router-dom.js?v=9b792ed7:10320:3)
    at AuthProvider (http://localhost:3000/src/contexts/AuthContext.jsx:21:32)
    at App
    at ToastProvider (http://localhost:3000/src/contexts/ToastContext.jsx:21:33) @ http://localhost:3000/node_modules/.vite/deps/chunk-WALXKXZM.js?v=9b792ed7:520
[    3630ms] [ERROR] Warning: %s a style property during rerender (%s) when a conflicting property is set (%s) can lead to styling bugs. To avoid this, don't mix shorthand and non-shorthand properties for the same value; instead, replace the shorthand with separate values.%s Removing borderBottomColor borderBottom 
    at button
    at div
    at div
    at div
    at LinuxConfigPage (http://localhost:3000/src/pages/LinuxConfigPage.jsx?t=1771912684032:30:26)
    at main
    at div
    at MainLayout (http://localhost:3000/src/App.jsx?t=1771911434179:229:23)
    at PrivateRoute (http://localhost:3000/src/components/auth/PrivateRoute.jsx:21:32)
    at RenderedRoute (http://localhost:3000/node_modules/.vite/deps/react-router-dom.js?v=9b792ed7:6313:26)
    at Routes (http://localhost:3000/node_modules/.vite/deps/react-router-dom.js?v=9b792ed7:7164:3)
    at Router (http://localhost:3000/node_modules/.vite/deps/react-router-dom.js?v=9b792ed7:7105:13)
    at BrowserRouter (http://localhost:3000/node_modules/.vite/deps/react-router-dom.js?v=9b792ed7:10320:3)
    at AuthProvider (http://localhost:3000/src/contexts/AuthContext.jsx:21:32)
    at App
    at ToastProvider (http://localhost:3000/src/contexts/ToastContext.jsx:21:33) @ http://localhost:3000/node_modules/.vite/deps/chunk-WALXKXZM.js?v=9b792ed7:520
[    4432ms] [ERROR] Warning: %s a style property during rerender (%s) when a conflicting property is set (%s) can lead to styling bugs. To avoid this, don't mix shorthand and non-shorthand properties for the same value; instead, replace the shorthand with separate values.%s Removing borderBottomColor borderBottom 
    at button
    at div
    at div
    at div
    at LinuxConfigPage (http://localhost:3000/src/pages/LinuxConfigPage.jsx?t=1771912684032:30:26)
    at main
    at div
    at MainLayout (http://localhost:3000/src/App.jsx?t=1771911434179:229:23)
    at PrivateRoute (http://localhost:3000/src/components/auth/PrivateRoute.jsx:21:32)
    at RenderedRoute (http://localhost:3000/node_modules/.vite/deps/react-router-dom.js?v=9b792ed7:6313:26)
    at Routes (http://localhost:3000/node_modules/.vite/deps/react-router-dom.js?v=9b792ed7:7164:3)
    at Router (http://localhost:3000/node_modules/.vite/deps/react-router-dom.js?v=9b792ed7:7105:13)
    at BrowserRouter (http://localhost:3000/node_modules/.vite/deps/react-router-dom.js?v=9b792ed7:10320:3)
    at AuthProvider (http://localhost:3000/src/contexts/AuthContext.jsx:21:32)
    at App
    at ToastProvider (http://localhost:3000/src/contexts/ToastContext.jsx:21:33) @ http://localhost:3000/node_modules/.vite/deps/chunk-WALXKXZM.js?v=9b792ed7:520
[   18128ms] [ERROR] Warning: %s a style property during rerender (%s) when a conflicting property is set (%s) can lead to styling bugs. To avoid this, don't mix shorthand and non-shorthand properties for the same value; instead, replace the shorthand with separate values.%s Removing borderBottomColor borderBottom 
    at button
    at div
    at div
    at div
    at LinuxConfigPage (http://localhost:3000/src/pages/LinuxConfigPage.jsx?t=1771912684032:30:26)
    at main
    at div
    at MainLayout (http://localhost:3000/src/App.jsx?t=1771911434179:229:23)
    at PrivateRoute (http://localhost:3000/src/components/auth/PrivateRoute.jsx:21:32)
    at RenderedRoute (http://localhost:3000/node_modules/.vite/deps/react-router-dom.js?v=9b792ed7:6313:26)
    at Routes (http://localhost:3000/node_modules/.vite/deps/react-router-dom.js?v=9b792ed7:7164:3)
    at Router (http://localhost:3000/node_modules/.vite/deps/react-router-dom.js?v=9b792ed7:7105:13)
    at BrowserRouter (http://localhost:3000/node_modules/.vite/deps/react-router-dom.js?v=9b792ed7:10320:3)
    at AuthProvider (http://localhost:3000/src/contexts/AuthContext.jsx:21:32)
    at App
    at ToastProvider (http://localhost:3000/src/contexts/ToastContext.jsx:21:33) @ http://localhost:3000/node_modules/.vite/deps/chunk-WALXKXZM.js?v=9b792ed7:520
[   23188ms] [ERROR] Warning: %s a style property during rerender (%s) when a conflicting property is set (%s) can lead to styling bugs. To avoid this, don't mix shorthand and non-shorthand properties for the same value; instead, replace the shorthand with separate values.%s Removing borderBottomColor borderBottom 
    at button
    at div
    at div
    at div
    at LinuxConfigPage (http://localhost:3000/src/pages/LinuxConfigPage.jsx?t=1771912684032:30:26)
    at main
    at div
    at MainLayout (http://localhost:3000/src/App.jsx?t=1771911434179:229:23)
    at PrivateRoute (http://localhost:3000/src/components/auth/PrivateRoute.jsx:21:32)
    at RenderedRoute (http://localhost:3000/node_modules/.vite/deps/react-router-dom.js?v=9b792ed7:6313:26)
    at Routes (http://localhost:3000/node_modules/.vite/deps/react-router-dom.js?v=9b792ed7:7164:3)
    at Router (http://localhost:3000/node_modules/.vite/deps/react-router-dom.js?v=9b792ed7:7105:13)
    at BrowserRouter (http://localhost:3000/node_modules/.vite/deps/react-router-dom.js?v=9b792ed7:10320:3)
    at AuthProvider (http://localhost:3000/src/contexts/AuthContext.jsx:21:32)
    at App
    at ToastProvider (http://localhost:3000/src/contexts/ToastContext.jsx:21:33) @ http://localhost:3000/node_modules/.vite/deps/chunk-WALXKXZM.js?v=9b792ed7:520
